CRITICAL - 2022-04-26 04:58:20 --> Undefined variable $title
#0 C:\XAMPP\htdocs\college\K3519044_UTS\app\Views\layout\template.php(11): CodeIgniter\Debug\Exceptions->errorHandler(2, 'Undefined varia...', 'C:\\XAMPP\\htdocs...', 11)
#1 C:\XAMPP\htdocs\college\K3519044_UTS\vendor\codeigniter4\framework\system\View\View.php(210): include('C:\\XAMPP\\htdocs...')
#2 C:\XAMPP\htdocs\college\K3519044_UTS\vendor\codeigniter4\framework\system\View\View.php(213): CodeIgniter\View\View->CodeIgniter\View\{closure}()
#3 C:\XAMPP\htdocs\college\K3519044_UTS\vendor\codeigniter4\framework\system\View\View.php(226): CodeIgniter\View\View->render('layout/template', Array, true)
#4 C:\XAMPP\htdocs\college\K3519044_UTS\vendor\codeigniter4\framework\system\Common.php(1089): CodeIgniter\View\View->render('pages\\dashboard', Array, true)
#5 C:\XAMPP\htdocs\college\K3519044_UTS\app\Controllers\Pages.php(12): view('pages\\dashboard')
#6 C:\XAMPP\htdocs\college\K3519044_UTS\vendor\codeigniter4\framework\system\CodeIgniter.php(832): App\Controllers\Pages->index()
#7 C:\XAMPP\htdocs\college\K3519044_UTS\vendor\codeigniter4\framework\system\CodeIgniter.php(419): CodeIgniter\CodeIgniter->runController(Object(App\Controllers\Pages))
#8 C:\XAMPP\htdocs\college\K3519044_UTS\vendor\codeigniter4\framework\system\CodeIgniter.php(326): CodeIgniter\CodeIgniter->handleRequest(NULL, Object(Config\Cache), false)
#9 C:\XAMPP\htdocs\college\K3519044_UTS\public\index.php(37): CodeIgniter\CodeIgniter->run()
#10 C:\XAMPP\htdocs\college\K3519044_UTS\vendor\codeigniter4\framework\system\Commands\Server\rewrite.php(43): require_once('C:\\XAMPP\\htdocs...')
#11 {main}
CRITICAL - 2022-04-26 04:59:28 --> Undefined variable $title
#0 C:\XAMPP\htdocs\college\K3519044_UTS\app\Views\layout\template.php(11): CodeIgniter\Debug\Exceptions->errorHandler(2, 'Undefined varia...', 'C:\\XAMPP\\htdocs...', 11)
#1 C:\XAMPP\htdocs\college\K3519044_UTS\vendor\codeigniter4\framework\system\View\View.php(210): include('C:\\XAMPP\\htdocs...')
#2 C:\XAMPP\htdocs\college\K3519044_UTS\vendor\codeigniter4\framework\system\View\View.php(213): CodeIgniter\View\View->CodeIgniter\View\{closure}()
#3 C:\XAMPP\htdocs\college\K3519044_UTS\vendor\codeigniter4\framework\system\View\View.php(226): CodeIgniter\View\View->render('layout/template', Array, true)
#4 C:\XAMPP\htdocs\college\K3519044_UTS\vendor\codeigniter4\framework\system\Common.php(1089): CodeIgniter\View\View->render('pages\\dashboard', Array, true)
#5 C:\XAMPP\htdocs\college\K3519044_UTS\app\Controllers\Pages.php(12): view('pages\\dashboard')
#6 C:\XAMPP\htdocs\college\K3519044_UTS\vendor\codeigniter4\framework\system\CodeIgniter.php(832): App\Controllers\Pages->index()
#7 C:\XAMPP\htdocs\college\K3519044_UTS\vendor\codeigniter4\framework\system\CodeIgniter.php(419): CodeIgniter\CodeIgniter->runController(Object(App\Controllers\Pages))
#8 C:\XAMPP\htdocs\college\K3519044_UTS\vendor\codeigniter4\framework\system\CodeIgniter.php(326): CodeIgniter\CodeIgniter->handleRequest(NULL, Object(Config\Cache), false)
#9 C:\XAMPP\htdocs\college\K3519044_UTS\public\index.php(37): CodeIgniter\CodeIgniter->run()
#10 C:\XAMPP\htdocs\college\K3519044_UTS\vendor\codeigniter4\framework\system\Commands\Server\rewrite.php(43): require_once('C:\\XAMPP\\htdocs...')
#11 {main}
CRITICAL - 2022-04-26 04:59:59 --> Undefined variable $title
#0 C:\XAMPP\htdocs\college\K3519044_UTS\app\Views\layout\template.php(11): CodeIgniter\Debug\Exceptions->errorHandler(2, 'Undefined varia...', 'C:\\XAMPP\\htdocs...', 11)
#1 C:\XAMPP\htdocs\college\K3519044_UTS\vendor\codeigniter4\framework\system\View\View.php(210): include('C:\\XAMPP\\htdocs...')
#2 C:\XAMPP\htdocs\college\K3519044_UTS\vendor\codeigniter4\framework\system\View\View.php(213): CodeIgniter\View\View->CodeIgniter\View\{closure}()
#3 C:\XAMPP\htdocs\college\K3519044_UTS\vendor\codeigniter4\framework\system\View\View.php(226): CodeIgniter\View\View->render('layout/template', Array, true)
#4 C:\XAMPP\htdocs\college\K3519044_UTS\vendor\codeigniter4\framework\system\Common.php(1089): CodeIgniter\View\View->render('pages\\dashboard', Array, true)
#5 C:\XAMPP\htdocs\college\K3519044_UTS\app\Controllers\Pages.php(12): view('pages\\dashboard')
#6 C:\XAMPP\htdocs\college\K3519044_UTS\vendor\codeigniter4\framework\system\CodeIgniter.php(832): App\Controllers\Pages->index()
#7 C:\XAMPP\htdocs\college\K3519044_UTS\vendor\codeigniter4\framework\system\CodeIgniter.php(419): CodeIgniter\CodeIgniter->runController(Object(App\Controllers\Pages))
#8 C:\XAMPP\htdocs\college\K3519044_UTS\vendor\codeigniter4\framework\system\CodeIgniter.php(326): CodeIgniter\CodeIgniter->handleRequest(NULL, Object(Config\Cache), false)
#9 C:\XAMPP\htdocs\college\K3519044_UTS\public\index.php(37): CodeIgniter\CodeIgniter->run()
#10 C:\XAMPP\htdocs\college\K3519044_UTS\vendor\codeigniter4\framework\system\Commands\Server\rewrite.php(43): require_once('C:\\XAMPP\\htdocs...')
#11 {main}
CRITICAL - 2022-04-26 05:00:08 --> Undefined variable $title
#0 C:\XAMPP\htdocs\college\K3519044_UTS\app\Views\layout\template.php(11): CodeIgniter\Debug\Exceptions->errorHandler(2, 'Undefined varia...', 'C:\\XAMPP\\htdocs...', 11)
#1 C:\XAMPP\htdocs\college\K3519044_UTS\vendor\codeigniter4\framework\system\View\View.php(210): include('C:\\XAMPP\\htdocs...')
#2 C:\XAMPP\htdocs\college\K3519044_UTS\vendor\codeigniter4\framework\system\View\View.php(213): CodeIgniter\View\View->CodeIgniter\View\{closure}()
#3 C:\XAMPP\htdocs\college\K3519044_UTS\vendor\codeigniter4\framework\system\View\View.php(226): CodeIgniter\View\View->render('layout/template', Array, true)
#4 C:\XAMPP\htdocs\college\K3519044_UTS\vendor\codeigniter4\framework\system\Common.php(1089): CodeIgniter\View\View->render('pages\\dashboard', Array, true)
#5 C:\XAMPP\htdocs\college\K3519044_UTS\app\Controllers\Pages.php(12): view('pages\\dashboard')
#6 C:\XAMPP\htdocs\college\K3519044_UTS\vendor\codeigniter4\framework\system\CodeIgniter.php(832): App\Controllers\Pages->index()
#7 C:\XAMPP\htdocs\college\K3519044_UTS\vendor\codeigniter4\framework\system\CodeIgniter.php(419): CodeIgniter\CodeIgniter->runController(Object(App\Controllers\Pages))
#8 C:\XAMPP\htdocs\college\K3519044_UTS\vendor\codeigniter4\framework\system\CodeIgniter.php(326): CodeIgniter\CodeIgniter->handleRequest(NULL, Object(Config\Cache), false)
#9 C:\XAMPP\htdocs\college\K3519044_UTS\public\index.php(37): CodeIgniter\CodeIgniter->run()
#10 C:\XAMPP\htdocs\college\K3519044_UTS\vendor\codeigniter4\framework\system\Commands\Server\rewrite.php(43): require_once('C:\\XAMPP\\htdocs...')
#11 {main}
CRITICAL - 2022-04-26 05:19:37 --> Invalid file: navbar.php
#0 C:\XAMPP\htdocs\college\K3519044_UTS\vendor\codeigniter4\framework\system\View\View.php(198): CodeIgniter\Exceptions\FrameworkException::forInvalidFile('navbar.php')
#1 C:\XAMPP\htdocs\college\K3519044_UTS\vendor\codeigniter4\framework\system\View\View.php(424): CodeIgniter\View\View->render('navbar', NULL, true)
#2 C:\XAMPP\htdocs\college\K3519044_UTS\app\Views\layout\template.php(26): CodeIgniter\View\View->include('navbar')
#3 C:\XAMPP\htdocs\college\K3519044_UTS\vendor\codeigniter4\framework\system\View\View.php(210): include('C:\\XAMPP\\htdocs...')
#4 C:\XAMPP\htdocs\college\K3519044_UTS\vendor\codeigniter4\framework\system\View\View.php(213): CodeIgniter\View\View->CodeIgniter\View\{closure}()
#5 C:\XAMPP\htdocs\college\K3519044_UTS\vendor\codeigniter4\framework\system\View\View.php(226): CodeIgniter\View\View->render('layout/template', Array, true)
#6 C:\XAMPP\htdocs\college\K3519044_UTS\vendor\codeigniter4\framework\system\Common.php(1089): CodeIgniter\View\View->render('pages\\dashboard', Array, true)
#7 C:\XAMPP\htdocs\college\K3519044_UTS\app\Controllers\Pages.php(12): view('pages\\dashboard', Array)
#8 C:\XAMPP\htdocs\college\K3519044_UTS\vendor\codeigniter4\framework\system\CodeIgniter.php(832): App\Controllers\Pages->index()
#9 C:\XAMPP\htdocs\college\K3519044_UTS\vendor\codeigniter4\framework\system\CodeIgniter.php(419): CodeIgniter\CodeIgniter->runController(Object(App\Controllers\Pages))
#10 C:\XAMPP\htdocs\college\K3519044_UTS\vendor\codeigniter4\framework\system\CodeIgniter.php(326): CodeIgniter\CodeIgniter->handleRequest(NULL, Object(Config\Cache), false)
#11 C:\XAMPP\htdocs\college\K3519044_UTS\public\index.php(37): CodeIgniter\CodeIgniter->run()
#12 C:\XAMPP\htdocs\college\K3519044_UTS\vendor\codeigniter4\framework\system\Commands\Server\rewrite.php(43): require_once('C:\\XAMPP\\htdocs...')
#13 {main}
